<?xml version="1.0" encoding="utf-8"?>
<CoverageSession>
  <Summary numSequencePoints="184" visitedSequencePoints="139" numBranchPoints="0" visitedBranchPoints="0" sequenceCoverage="0" branchCoverage="0" maxCyclomaticComplexity="0" minCyclomaticComplexity="0" visitedClasses="10" numClasses="10" visitedMethods="44" numMethods="46" />
  <Modules>
    <Module hash="903626C7-6C01-41F7-98A4-08BDF653C816">
      <ModulePath>/Users/umutozel/Code/github.com/DogusTeknoloji/cs-to-ts/tests/CsToTs.Tests/bin/Debug/netcoreapp2.0/CsToTs.dll</ModulePath>
      <ModuleTime>2018-03-24T01:26:11</ModuleTime>
      <ModuleName>CsToTs</ModuleName>
      <Files>
        <File uid="1" fullPath="/Users/umutozel/Code/github.com/DogusTeknoloji/cs-to-ts/src/CsToTs/Generator.cs" />
        <File uid="2" fullPath="/Users/umutozel/Code/github.com/DogusTeknoloji/cs-to-ts/src/CsToTs/ReflectOptions.cs" />
        <File uid="3" fullPath="/Users/umutozel/Code/github.com/DogusTeknoloji/cs-to-ts/src/CsToTs/SimpleEncoder.cs" />
        <File uid="4" fullPath="/Users/umutozel/Code/github.com/DogusTeknoloji/cs-to-ts/src/CsToTs/TypeScriptOptions.cs" />
        <File uid="5" fullPath="/Users/umutozel/Code/github.com/DogusTeknoloji/cs-to-ts/src/CsToTs/TypeScript/EnumDefinition.cs" />
        <File uid="6" fullPath="/Users/umutozel/Code/github.com/DogusTeknoloji/cs-to-ts/src/CsToTs/TypeScript/EnumField.cs" />
        <File uid="7" fullPath="/Users/umutozel/Code/github.com/DogusTeknoloji/cs-to-ts/src/CsToTs/TypeScript/Helper.cs" />
        <File uid="8" fullPath="/Users/umutozel/Code/github.com/DogusTeknoloji/cs-to-ts/src/CsToTs/TypeScript/MemberDefinition.cs" />
        <File uid="9" fullPath="/Users/umutozel/Code/github.com/DogusTeknoloji/cs-to-ts/src/CsToTs/TypeScript/TypeDefinition.cs" />
        <File uid="10" fullPath="/Users/umutozel/Code/github.com/DogusTeknoloji/cs-to-ts/src/CsToTs/TypeScript/TypeScriptContext.cs" />
      </Files>
      <Classes>
        <Class>
          <Summary numSequencePoints="6" visitedSequencePoints="4" numBranchPoints="0" visitedBranchPoints="0" sequenceCoverage="0" branchCoverage="0" maxCyclomaticComplexity="0" minCyclomaticComplexity="0" visitedClasses="1" numClasses="1" visitedMethods="0" numMethods="2" />
          <FullName>CsToTs.Generator</FullName>
          <Methods>
            <Method cyclomaticComplexity="0" nPathComplexity="0" sequenceCoverage="0" branchCoverage="0" isConstructor="False" isGetter="False" isSetter="False" isStatic="True">
              <Summary numSequencePoints="3" visitedSequencePoints="2" numBranchPoints="0" visitedBranchPoints="0" sequenceCoverage="0" branchCoverage="0" maxCyclomaticComplexity="0" minCyclomaticComplexity="0" visitedClasses="0" numClasses="0" visitedMethods="1" numMethods="1" />
              <MetadataToken />
              <Name>System.String CsToTs.Generator::GenerateTypeScript(System.Type,CsToTs.TypeScriptOptions)</Name>
              <FileRef uid="1" />
              <SequencePoints>
                <SequencePoint vc="1" upsid="7" ordinal="0" sl="7" sc="1" el="7" ec="2" bec="0" bev="0" fileid="1" />
                <SequencePoint vc="1" upsid="8" ordinal="1" sl="8" sc="1" el="8" ec="2" bec="0" bev="0" fileid="1" />
                <SequencePoint vc="0" upsid="9" ordinal="2" sl="9" sc="1" el="9" ec="2" bec="0" bev="0" fileid="1" />
              </SequencePoints>
              <BranchPoints />
              <MethodPoint vc="2" upsid="0" d8p1:type="SequencePoint" ordinal="0" offset="0" sc="0" sl="7" ec="1" el="9" bec="0" bev="0" fileid="1" xmlns:d8p1="xsi" />
            </Method>
            <Method cyclomaticComplexity="0" nPathComplexity="0" sequenceCoverage="0" branchCoverage="0" isConstructor="False" isGetter="False" isSetter="False" isStatic="True">
              <Summary numSequencePoints="3" visitedSequencePoints="2" numBranchPoints="0" visitedBranchPoints="0" sequenceCoverage="0" branchCoverage="0" maxCyclomaticComplexity="0" minCyclomaticComplexity="0" visitedClasses="0" numClasses="0" visitedMethods="1" numMethods="1" />
              <MetadataToken />
              <Name>System.String CsToTs.Generator::GenerateTypeScript(CsToTs.TypeScriptOptions,System.Type[])</Name>
              <FileRef uid="1" />
              <SequencePoints>
                <SequencePoint vc="1" upsid="11" ordinal="0" sl="11" sc="1" el="11" ec="2" bec="0" bev="0" fileid="1" />
                <SequencePoint vc="1" upsid="12" ordinal="1" sl="12" sc="1" el="12" ec="2" bec="0" bev="0" fileid="1" />
                <SequencePoint vc="0" upsid="13" ordinal="2" sl="13" sc="1" el="13" ec="2" bec="0" bev="0" fileid="1" />
              </SequencePoints>
              <BranchPoints />
              <MethodPoint vc="2" upsid="0" d8p1:type="SequencePoint" ordinal="1" offset="1" sc="0" sl="11" ec="1" el="13" bec="0" bev="0" fileid="1" xmlns:d8p1="xsi" />
            </Method>
          </Methods>
        </Class>
        <Class>
          <Summary numSequencePoints="8" visitedSequencePoints="5" numBranchPoints="0" visitedBranchPoints="0" sequenceCoverage="0" branchCoverage="0" maxCyclomaticComplexity="0" minCyclomaticComplexity="0" visitedClasses="1" numClasses="1" visitedMethods="0" numMethods="4" />
          <FullName>CsToTs.ReflectOptions</FullName>
          <Methods>
            <Method cyclomaticComplexity="0" nPathComplexity="0" sequenceCoverage="0" branchCoverage="0" isConstructor="False" isGetter="True" isSetter="False" isStatic="True">
              <Summary numSequencePoints="1" visitedSequencePoints="1" numBranchPoints="0" visitedBranchPoints="0" sequenceCoverage="0" branchCoverage="0" maxCyclomaticComplexity="0" minCyclomaticComplexity="0" visitedClasses="0" numClasses="0" visitedMethods="1" numMethods="1" />
              <MetadataToken />
              <Name>System.Collections.Generic.IEnumerable`1&lt;System.String&gt; CsToTs.ReflectOptions::get_SkipTypePatterns()</Name>
              <FileRef uid="2" />
              <SequencePoints>
                <SequencePoint vc="10" upsid="15" ordinal="0" sl="15" sc="1" el="15" ec="2" bec="0" bev="0" fileid="2" />
              </SequencePoints>
              <BranchPoints />
              <MethodPoint vc="10" upsid="0" d8p1:type="SequencePoint" ordinal="0" offset="0" sc="0" sl="15" ec="1" el="15" bec="0" bev="0" fileid="2" xmlns:d8p1="xsi" />
            </Method>
            <Method cyclomaticComplexity="0" nPathComplexity="0" sequenceCoverage="0" branchCoverage="0" isConstructor="False" isGetter="False" isSetter="True" isStatic="True">
              <Summary numSequencePoints="3" visitedSequencePoints="0" numBranchPoints="0" visitedBranchPoints="0" sequenceCoverage="0" branchCoverage="0" maxCyclomaticComplexity="0" minCyclomaticComplexity="0" visitedClasses="0" numClasses="0" visitedMethods="0" numMethods="1" />
              <MetadataToken />
              <Name>System.Void CsToTs.ReflectOptions::set_SkipTypePatterns(System.Collections.Generic.IEnumerable`1&lt;System.String&gt;)</Name>
              <FileRef uid="2" />
              <SequencePoints>
                <SequencePoint vc="0" upsid="16" ordinal="0" sl="16" sc="1" el="16" ec="2" bec="0" bev="0" fileid="2" />
                <SequencePoint vc="0" upsid="17" ordinal="1" sl="17" sc="1" el="17" ec="2" bec="0" bev="0" fileid="2" />
                <SequencePoint vc="0" upsid="18" ordinal="2" sl="18" sc="1" el="18" ec="2" bec="0" bev="0" fileid="2" />
              </SequencePoints>
              <BranchPoints />
              <MethodPoint vc="0" upsid="0" d8p1:type="SequencePoint" ordinal="1" offset="1" sc="0" sl="16" ec="1" el="18" bec="0" bev="0" fileid="2" xmlns:d8p1="xsi" />
            </Method>
            <Method cyclomaticComplexity="0" nPathComplexity="0" sequenceCoverage="0" branchCoverage="0" isConstructor="True" isGetter="False" isSetter="False" isStatic="True">
              <Summary numSequencePoints="1" visitedSequencePoints="1" numBranchPoints="0" visitedBranchPoints="0" sequenceCoverage="0" branchCoverage="0" maxCyclomaticComplexity="0" minCyclomaticComplexity="0" visitedClasses="0" numClasses="0" visitedMethods="1" numMethods="1" />
              <MetadataToken />
              <Name>System.Void CsToTs.ReflectOptions::.ctor()</Name>
              <FileRef uid="2" />
              <SequencePoints>
                <SequencePoint vc="1" upsid="12" ordinal="0" sl="12" sc="1" el="12" ec="2" bec="0" bev="0" fileid="2" />
              </SequencePoints>
              <BranchPoints />
              <MethodPoint vc="1" upsid="0" d8p1:type="SequencePoint" ordinal="2" offset="2" sc="0" sl="12" ec="1" el="12" bec="0" bev="0" fileid="2" xmlns:d8p1="xsi" />
            </Method>
            <Method cyclomaticComplexity="0" nPathComplexity="0" sequenceCoverage="0" branchCoverage="0" isConstructor="True" isGetter="False" isSetter="False" isStatic="True">
              <Summary numSequencePoints="3" visitedSequencePoints="3" numBranchPoints="0" visitedBranchPoints="0" sequenceCoverage="0" branchCoverage="0" maxCyclomaticComplexity="0" minCyclomaticComplexity="0" visitedClasses="0" numClasses="0" visitedMethods="1" numMethods="1" />
              <MetadataToken />
              <Name>System.Void CsToTs.ReflectOptions::.cctor()</Name>
              <FileRef uid="2" />
              <SequencePoints>
                <SequencePoint vc="1" upsid="8" ordinal="0" sl="8" sc="1" el="8" ec="2" bec="0" bev="0" fileid="2" />
                <SequencePoint vc="1" upsid="9" ordinal="1" sl="9" sc="1" el="9" ec="2" bec="0" bev="0" fileid="2" />
                <SequencePoint vc="1" upsid="10" ordinal="2" sl="10" sc="1" el="10" ec="2" bec="0" bev="0" fileid="2" />
              </SequencePoints>
              <BranchPoints />
              <MethodPoint vc="3" upsid="0" d8p1:type="SequencePoint" ordinal="3" offset="3" sc="0" sl="8" ec="1" el="10" bec="0" bev="0" fileid="2" xmlns:d8p1="xsi" />
            </Method>
          </Methods>
        </Class>
        <Class>
          <Summary numSequencePoints="4" visitedSequencePoints="4" numBranchPoints="0" visitedBranchPoints="0" sequenceCoverage="0" branchCoverage="0" maxCyclomaticComplexity="0" minCyclomaticComplexity="0" visitedClasses="1" numClasses="1" visitedMethods="0" numMethods="4" />
          <FullName>CsToTs.SimpleEncoder</FullName>
          <Methods>
            <Method cyclomaticComplexity="0" nPathComplexity="0" sequenceCoverage="0" branchCoverage="0" isConstructor="True" isGetter="False" isSetter="False" isStatic="True">
              <Summary numSequencePoints="1" visitedSequencePoints="1" numBranchPoints="0" visitedBranchPoints="0" sequenceCoverage="0" branchCoverage="0" maxCyclomaticComplexity="0" minCyclomaticComplexity="0" visitedClasses="0" numClasses="0" visitedMethods="1" numMethods="1" />
              <MetadataToken />
              <Name>System.Void CsToTs.SimpleEncoder::.ctor()</Name>
              <FileRef uid="3" />
              <SequencePoints>
                <SequencePoint vc="3" upsid="9" ordinal="0" sl="9" sc="1" el="9" ec="2" bec="0" bev="0" fileid="3" />
              </SequencePoints>
              <BranchPoints />
              <MethodPoint vc="3" upsid="0" d8p1:type="SequencePoint" ordinal="0" offset="0" sc="0" sl="9" ec="1" el="9" bec="0" bev="0" fileid="3" xmlns:d8p1="xsi" />
            </Method>
            <Method cyclomaticComplexity="0" nPathComplexity="0" sequenceCoverage="0" branchCoverage="0" isConstructor="False" isGetter="True" isSetter="False" isStatic="True">
              <Summary numSequencePoints="1" visitedSequencePoints="1" numBranchPoints="0" visitedBranchPoints="0" sequenceCoverage="0" branchCoverage="0" maxCyclomaticComplexity="0" minCyclomaticComplexity="0" visitedClasses="0" numClasses="0" visitedMethods="1" numMethods="1" />
              <MetadataToken />
              <Name>CsToTs.SimpleEncoder CsToTs.SimpleEncoder::get_Instance()</Name>
              <FileRef uid="3" />
              <SequencePoints>
                <SequencePoint vc="1" upsid="11" ordinal="0" sl="11" sc="1" el="11" ec="2" bec="0" bev="0" fileid="3" />
              </SequencePoints>
              <BranchPoints />
              <MethodPoint vc="1" upsid="0" d8p1:type="SequencePoint" ordinal="1" offset="1" sc="0" sl="11" ec="1" el="11" bec="0" bev="0" fileid="3" xmlns:d8p1="xsi" />
            </Method>
            <Method cyclomaticComplexity="0" nPathComplexity="0" sequenceCoverage="0" branchCoverage="0" isConstructor="False" isGetter="False" isSetter="False" isStatic="True">
              <Summary numSequencePoints="1" visitedSequencePoints="1" numBranchPoints="0" visitedBranchPoints="0" sequenceCoverage="0" branchCoverage="0" maxCyclomaticComplexity="0" minCyclomaticComplexity="0" visitedClasses="0" numClasses="0" visitedMethods="1" numMethods="1" />
              <MetadataToken />
              <Name>System.String CsToTs.SimpleEncoder::HandlebarsDotNet.ITextEncoder.Encode(System.String)</Name>
              <FileRef uid="3" />
              <SequencePoints>
                <SequencePoint vc="26" upsid="13" ordinal="0" sl="13" sc="1" el="13" ec="2" bec="0" bev="0" fileid="3" />
              </SequencePoints>
              <BranchPoints />
              <MethodPoint vc="26" upsid="0" d8p1:type="SequencePoint" ordinal="2" offset="2" sc="0" sl="13" ec="1" el="13" bec="0" bev="0" fileid="3" xmlns:d8p1="xsi" />
            </Method>
            <Method cyclomaticComplexity="0" nPathComplexity="0" sequenceCoverage="0" branchCoverage="0" isConstructor="True" isGetter="False" isSetter="False" isStatic="True">
              <Summary numSequencePoints="1" visitedSequencePoints="1" numBranchPoints="0" visitedBranchPoints="0" sequenceCoverage="0" branchCoverage="0" maxCyclomaticComplexity="0" minCyclomaticComplexity="0" visitedClasses="0" numClasses="0" visitedMethods="1" numMethods="1" />
              <MetadataToken />
              <Name>System.Void CsToTs.SimpleEncoder::.cctor()</Name>
              <FileRef uid="3" />
              <SequencePoints>
                <SequencePoint vc="2" upsid="7" ordinal="0" sl="7" sc="1" el="7" ec="2" bec="0" bev="0" fileid="3" />
              </SequencePoints>
              <BranchPoints />
              <MethodPoint vc="2" upsid="0" d8p1:type="SequencePoint" ordinal="3" offset="3" sc="0" sl="7" ec="1" el="7" bec="0" bev="0" fileid="3" xmlns:d8p1="xsi" />
            </Method>
          </Methods>
        </Class>
        <Class>
          <Summary numSequencePoints="5" visitedSequencePoints="5" numBranchPoints="0" visitedBranchPoints="0" sequenceCoverage="0" branchCoverage="0" maxCyclomaticComplexity="0" minCyclomaticComplexity="0" visitedClasses="1" numClasses="1" visitedMethods="0" numMethods="5" />
          <FullName>CsToTs.TypeScriptOptions</FullName>
          <Methods>
            <Method cyclomaticComplexity="0" nPathComplexity="0" sequenceCoverage="0" branchCoverage="0" isConstructor="False" isGetter="True" isSetter="False" isStatic="True">
              <Summary numSequencePoints="1" visitedSequencePoints="1" numBranchPoints="0" visitedBranchPoints="0" sequenceCoverage="0" branchCoverage="0" maxCyclomaticComplexity="0" minCyclomaticComplexity="0" visitedClasses="0" numClasses="0" visitedMethods="1" numMethods="1" />
              <MetadataToken />
              <Name>CsToTs.TypeScriptOptions CsToTs.TypeScriptOptions::get_Default()</Name>
              <FileRef uid="4" />
              <SequencePoints>
                <SequencePoint vc="1" upsid="7" ordinal="0" sl="7" sc="1" el="7" ec="2" bec="0" bev="0" fileid="4" />
              </SequencePoints>
              <BranchPoints />
              <MethodPoint vc="1" upsid="0" d8p1:type="SequencePoint" ordinal="0" offset="0" sc="0" sl="7" ec="1" el="7" bec="0" bev="0" fileid="4" xmlns:d8p1="xsi" />
            </Method>
            <Method cyclomaticComplexity="0" nPathComplexity="0" sequenceCoverage="0" branchCoverage="0" isConstructor="False" isGetter="True" isSetter="False" isStatic="True">
              <Summary numSequencePoints="1" visitedSequencePoints="1" numBranchPoints="0" visitedBranchPoints="0" sequenceCoverage="0" branchCoverage="0" maxCyclomaticComplexity="0" minCyclomaticComplexity="0" visitedClasses="0" numClasses="0" visitedMethods="1" numMethods="1" />
              <MetadataToken />
              <Name>System.Boolean CsToTs.TypeScriptOptions::get_UseDateForDateTime()</Name>
              <FileRef uid="4" />
              <SequencePoints>
                <SequencePoint vc="2" upsid="9" ordinal="0" sl="9" sc="1" el="9" ec="2" bec="0" bev="0" fileid="4" />
              </SequencePoints>
              <BranchPoints />
              <MethodPoint vc="2" upsid="0" d8p1:type="SequencePoint" ordinal="1" offset="1" sc="0" sl="9" ec="1" el="9" bec="0" bev="0" fileid="4" xmlns:d8p1="xsi" />
            </Method>
            <Method cyclomaticComplexity="0" nPathComplexity="0" sequenceCoverage="0" branchCoverage="0" isConstructor="False" isGetter="True" isSetter="False" isStatic="True">
              <Summary numSequencePoints="1" visitedSequencePoints="1" numBranchPoints="0" visitedBranchPoints="0" sequenceCoverage="0" branchCoverage="0" maxCyclomaticComplexity="0" minCyclomaticComplexity="0" visitedClasses="0" numClasses="0" visitedMethods="1" numMethods="1" />
              <MetadataToken />
              <Name>System.Boolean CsToTs.TypeScriptOptions::get_UseInterfaceForClasses()</Name>
              <FileRef uid="4" />
              <SequencePoints>
                <SequencePoint vc="2" upsid="11" ordinal="0" sl="11" sc="1" el="11" ec="2" bec="0" bev="0" fileid="4" />
              </SequencePoints>
              <BranchPoints />
              <MethodPoint vc="2" upsid="0" d8p1:type="SequencePoint" ordinal="2" offset="2" sc="0" sl="11" ec="1" el="11" bec="0" bev="0" fileid="4" xmlns:d8p1="xsi" />
            </Method>
            <Method cyclomaticComplexity="0" nPathComplexity="0" sequenceCoverage="0" branchCoverage="0" isConstructor="False" isGetter="True" isSetter="False" isStatic="True">
              <Summary numSequencePoints="1" visitedSequencePoints="1" numBranchPoints="0" visitedBranchPoints="0" sequenceCoverage="0" branchCoverage="0" maxCyclomaticComplexity="0" minCyclomaticComplexity="0" visitedClasses="0" numClasses="0" visitedMethods="1" numMethods="1" />
              <MetadataToken />
              <Name>System.String CsToTs.TypeScriptOptions::get_Template()</Name>
              <FileRef uid="4" />
              <SequencePoints>
                <SequencePoint vc="1" upsid="13" ordinal="0" sl="13" sc="1" el="13" ec="2" bec="0" bev="0" fileid="4" />
              </SequencePoints>
              <BranchPoints />
              <MethodPoint vc="1" upsid="0" d8p1:type="SequencePoint" ordinal="3" offset="3" sc="0" sl="13" ec="1" el="13" bec="0" bev="0" fileid="4" xmlns:d8p1="xsi" />
            </Method>
            <Method cyclomaticComplexity="0" nPathComplexity="0" sequenceCoverage="0" branchCoverage="0" isConstructor="True" isGetter="False" isSetter="False" isStatic="True">
              <Summary numSequencePoints="1" visitedSequencePoints="1" numBranchPoints="0" visitedBranchPoints="0" sequenceCoverage="0" branchCoverage="0" maxCyclomaticComplexity="0" minCyclomaticComplexity="0" visitedClasses="0" numClasses="0" visitedMethods="1" numMethods="1" />
              <MetadataToken />
              <Name>System.Void CsToTs.TypeScriptOptions::.cctor()</Name>
              <FileRef uid="4" />
              <SequencePoints>
                <SequencePoint vc="1" upsid="6" ordinal="0" sl="6" sc="1" el="6" ec="2" bec="0" bev="0" fileid="4" />
              </SequencePoints>
              <BranchPoints />
              <MethodPoint vc="1" upsid="0" d8p1:type="SequencePoint" ordinal="4" offset="4" sc="0" sl="6" ec="1" el="6" bec="0" bev="0" fileid="4" xmlns:d8p1="xsi" />
            </Method>
          </Methods>
        </Class>
        <Class>
          <Summary numSequencePoints="7" visitedSequencePoints="6" numBranchPoints="0" visitedBranchPoints="0" sequenceCoverage="0" branchCoverage="0" maxCyclomaticComplexity="0" minCyclomaticComplexity="0" visitedClasses="1" numClasses="1" visitedMethods="0" numMethods="4" />
          <FullName>CsToTs.TypeScript.EnumDefinition</FullName>
          <Methods>
            <Method cyclomaticComplexity="0" nPathComplexity="0" sequenceCoverage="0" branchCoverage="0" isConstructor="True" isGetter="False" isSetter="False" isStatic="True">
              <Summary numSequencePoints="4" visitedSequencePoints="4" numBranchPoints="0" visitedBranchPoints="0" sequenceCoverage="0" branchCoverage="0" maxCyclomaticComplexity="0" minCyclomaticComplexity="0" visitedClasses="0" numClasses="0" visitedMethods="1" numMethods="1" />
              <MetadataToken />
              <Name>System.Void CsToTs.TypeScript.EnumDefinition::.ctor(System.String,System.Collections.Generic.IEnumerable`1&lt;CsToTs.TypeScript.EnumField&gt;)</Name>
              <FileRef uid="5" />
              <SequencePoints>
                <SequencePoint vc="2" upsid="9" ordinal="0" sl="9" sc="1" el="9" ec="2" bec="0" bev="0" fileid="5" />
                <SequencePoint vc="1" upsid="10" ordinal="1" sl="10" sc="1" el="10" ec="2" bec="0" bev="0" fileid="5" />
                <SequencePoint vc="1" upsid="11" ordinal="2" sl="11" sc="1" el="11" ec="2" bec="0" bev="0" fileid="5" />
                <SequencePoint vc="1" upsid="12" ordinal="3" sl="12" sc="1" el="12" ec="2" bec="0" bev="0" fileid="5" />
              </SequencePoints>
              <BranchPoints />
              <MethodPoint vc="5" upsid="0" d8p1:type="SequencePoint" ordinal="0" offset="0" sc="0" sl="9" ec="1" el="12" bec="0" bev="0" fileid="5" xmlns:d8p1="xsi" />
            </Method>
            <Method cyclomaticComplexity="0" nPathComplexity="0" sequenceCoverage="0" branchCoverage="0" isConstructor="False" isGetter="True" isSetter="False" isStatic="True">
              <Summary numSequencePoints="1" visitedSequencePoints="0" numBranchPoints="0" visitedBranchPoints="0" sequenceCoverage="0" branchCoverage="0" maxCyclomaticComplexity="0" minCyclomaticComplexity="0" visitedClasses="0" numClasses="0" visitedMethods="0" numMethods="1" />
              <MetadataToken />
              <Name>System.Type CsToTs.TypeScript.EnumDefinition::get_ClrType()</Name>
              <FileRef uid="5" />
              <SequencePoints>
                <SequencePoint vc="0" upsid="14" ordinal="0" sl="14" sc="1" el="14" ec="2" bec="0" bev="0" fileid="5" />
              </SequencePoints>
              <BranchPoints />
              <MethodPoint vc="0" upsid="0" d8p1:type="SequencePoint" ordinal="1" offset="1" sc="0" sl="14" ec="1" el="14" bec="0" bev="0" fileid="5" xmlns:d8p1="xsi" />
            </Method>
            <Method cyclomaticComplexity="0" nPathComplexity="0" sequenceCoverage="0" branchCoverage="0" isConstructor="False" isGetter="True" isSetter="False" isStatic="True">
              <Summary numSequencePoints="1" visitedSequencePoints="1" numBranchPoints="0" visitedBranchPoints="0" sequenceCoverage="0" branchCoverage="0" maxCyclomaticComplexity="0" minCyclomaticComplexity="0" visitedClasses="0" numClasses="0" visitedMethods="1" numMethods="1" />
              <MetadataToken />
              <Name>System.String CsToTs.TypeScript.EnumDefinition::get_Name()</Name>
              <FileRef uid="5" />
              <SequencePoints>
                <SequencePoint vc="1" upsid="15" ordinal="0" sl="15" sc="1" el="15" ec="2" bec="0" bev="0" fileid="5" />
              </SequencePoints>
              <BranchPoints />
              <MethodPoint vc="1" upsid="0" d8p1:type="SequencePoint" ordinal="2" offset="2" sc="0" sl="15" ec="1" el="15" bec="0" bev="0" fileid="5" xmlns:d8p1="xsi" />
            </Method>
            <Method cyclomaticComplexity="0" nPathComplexity="0" sequenceCoverage="0" branchCoverage="0" isConstructor="False" isGetter="True" isSetter="False" isStatic="True">
              <Summary numSequencePoints="1" visitedSequencePoints="1" numBranchPoints="0" visitedBranchPoints="0" sequenceCoverage="0" branchCoverage="0" maxCyclomaticComplexity="0" minCyclomaticComplexity="0" visitedClasses="0" numClasses="0" visitedMethods="1" numMethods="1" />
              <MetadataToken />
              <Name>System.Collections.Generic.IReadOnlyCollection`1&lt;CsToTs.TypeScript.EnumField&gt; CsToTs.TypeScript.EnumDefinition::get_Fields()</Name>
              <FileRef uid="5" />
              <SequencePoints>
                <SequencePoint vc="1" upsid="16" ordinal="0" sl="16" sc="1" el="16" ec="2" bec="0" bev="0" fileid="5" />
              </SequencePoints>
              <BranchPoints />
              <MethodPoint vc="1" upsid="0" d8p1:type="SequencePoint" ordinal="3" offset="3" sc="0" sl="16" ec="1" el="16" bec="0" bev="0" fileid="5" xmlns:d8p1="xsi" />
            </Method>
          </Methods>
        </Class>
        <Class>
          <Summary numSequencePoints="6" visitedSequencePoints="6" numBranchPoints="0" visitedBranchPoints="0" sequenceCoverage="0" branchCoverage="0" maxCyclomaticComplexity="0" minCyclomaticComplexity="0" visitedClasses="1" numClasses="1" visitedMethods="0" numMethods="3" />
          <FullName>CsToTs.TypeScript.EnumField</FullName>
          <Methods>
            <Method cyclomaticComplexity="0" nPathComplexity="0" sequenceCoverage="0" branchCoverage="0" isConstructor="True" isGetter="False" isSetter="False" isStatic="True">
              <Summary numSequencePoints="4" visitedSequencePoints="4" numBranchPoints="0" visitedBranchPoints="0" sequenceCoverage="0" branchCoverage="0" maxCyclomaticComplexity="0" minCyclomaticComplexity="0" visitedClasses="0" numClasses="0" visitedMethods="1" numMethods="1" />
              <MetadataToken />
              <Name>System.Void CsToTs.TypeScript.EnumField::.ctor(System.String,System.String)</Name>
              <FileRef uid="6" />
              <SequencePoints>
                <SequencePoint vc="4" upsid="5" ordinal="0" sl="5" sc="1" el="5" ec="2" bec="0" bev="0" fileid="6" />
                <SequencePoint vc="2" upsid="6" ordinal="1" sl="6" sc="1" el="6" ec="2" bec="0" bev="0" fileid="6" />
                <SequencePoint vc="2" upsid="7" ordinal="2" sl="7" sc="1" el="7" ec="2" bec="0" bev="0" fileid="6" />
                <SequencePoint vc="2" upsid="8" ordinal="3" sl="8" sc="1" el="8" ec="2" bec="0" bev="0" fileid="6" />
              </SequencePoints>
              <BranchPoints />
              <MethodPoint vc="10" upsid="0" d8p1:type="SequencePoint" ordinal="0" offset="0" sc="0" sl="5" ec="1" el="8" bec="0" bev="0" fileid="6" xmlns:d8p1="xsi" />
            </Method>
            <Method cyclomaticComplexity="0" nPathComplexity="0" sequenceCoverage="0" branchCoverage="0" isConstructor="False" isGetter="True" isSetter="False" isStatic="True">
              <Summary numSequencePoints="1" visitedSequencePoints="1" numBranchPoints="0" visitedBranchPoints="0" sequenceCoverage="0" branchCoverage="0" maxCyclomaticComplexity="0" minCyclomaticComplexity="0" visitedClasses="0" numClasses="0" visitedMethods="1" numMethods="1" />
              <MetadataToken />
              <Name>System.String CsToTs.TypeScript.EnumField::get_Name()</Name>
              <FileRef uid="6" />
              <SequencePoints>
                <SequencePoint vc="2" upsid="10" ordinal="0" sl="10" sc="1" el="10" ec="2" bec="0" bev="0" fileid="6" />
              </SequencePoints>
              <BranchPoints />
              <MethodPoint vc="2" upsid="0" d8p1:type="SequencePoint" ordinal="1" offset="1" sc="0" sl="10" ec="1" el="10" bec="0" bev="0" fileid="6" xmlns:d8p1="xsi" />
            </Method>
            <Method cyclomaticComplexity="0" nPathComplexity="0" sequenceCoverage="0" branchCoverage="0" isConstructor="False" isGetter="True" isSetter="False" isStatic="True">
              <Summary numSequencePoints="1" visitedSequencePoints="1" numBranchPoints="0" visitedBranchPoints="0" sequenceCoverage="0" branchCoverage="0" maxCyclomaticComplexity="0" minCyclomaticComplexity="0" visitedClasses="0" numClasses="0" visitedMethods="1" numMethods="1" />
              <MetadataToken />
              <Name>System.String CsToTs.TypeScript.EnumField::get_Value()</Name>
              <FileRef uid="6" />
              <SequencePoints>
                <SequencePoint vc="2" upsid="11" ordinal="0" sl="11" sc="1" el="11" ec="2" bec="0" bev="0" fileid="6" />
              </SequencePoints>
              <BranchPoints />
              <MethodPoint vc="2" upsid="0" d8p1:type="SequencePoint" ordinal="2" offset="2" sc="0" sl="11" ec="1" el="11" bec="0" bev="0" fileid="6" xmlns:d8p1="xsi" />
            </Method>
          </Methods>
        </Class>
        <Class>
          <Summary numSequencePoints="127" visitedSequencePoints="88" numBranchPoints="0" visitedBranchPoints="0" sequenceCoverage="0" branchCoverage="0" maxCyclomaticComplexity="0" minCyclomaticComplexity="0" visitedClasses="1" numClasses="1" visitedMethods="0" numMethods="13" />
          <FullName>CsToTs.TypeScript.Helper</FullName>
          <Methods>
            <Method cyclomaticComplexity="0" nPathComplexity="0" sequenceCoverage="0" branchCoverage="0" isConstructor="False" isGetter="True" isSetter="False" isStatic="True">
              <Summary numSequencePoints="1" visitedSequencePoints="1" numBranchPoints="0" visitedBranchPoints="0" sequenceCoverage="0" branchCoverage="0" maxCyclomaticComplexity="0" minCyclomaticComplexity="0" visitedClasses="0" numClasses="0" visitedMethods="1" numMethods="1" />
              <MetadataToken />
              <Name>System.String CsToTs.TypeScript.Helper::get_Template()</Name>
              <FileRef uid="7" />
              <SequencePoints>
                <SequencePoint vc="1" upsid="15" ordinal="0" sl="15" sc="1" el="15" ec="2" bec="0" bev="0" fileid="7" />
              </SequencePoints>
              <BranchPoints />
              <MethodPoint vc="1" upsid="0" d8p1:type="SequencePoint" ordinal="0" offset="0" sc="0" sl="15" ec="1" el="15" bec="0" bev="0" fileid="7" xmlns:d8p1="xsi" />
            </Method>
            <Method cyclomaticComplexity="0" nPathComplexity="0" sequenceCoverage="0" branchCoverage="0" isConstructor="False" isGetter="False" isSetter="False" isStatic="True">
              <Summary numSequencePoints="1" visitedSequencePoints="1" numBranchPoints="0" visitedBranchPoints="0" sequenceCoverage="0" branchCoverage="0" maxCyclomaticComplexity="0" minCyclomaticComplexity="0" visitedClasses="0" numClasses="0" visitedMethods="1" numMethods="1" />
              <MetadataToken />
              <Name>System.Boolean CsToTs.TypeScript.Helper::SkipCheck(System.String,CsToTs.ReflectOptions)</Name>
              <FileRef uid="7" />
              <SequencePoints>
                <SequencePoint vc="20" upsid="18" ordinal="0" sl="18" sc="1" el="18" ec="2" bec="0" bev="0" fileid="7" />
              </SequencePoints>
              <BranchPoints />
              <MethodPoint vc="20" upsid="0" d8p1:type="SequencePoint" ordinal="1" offset="1" sc="0" sl="18" ec="1" el="18" bec="0" bev="0" fileid="7" xmlns:d8p1="xsi" />
            </Method>
            <Method cyclomaticComplexity="0" nPathComplexity="0" sequenceCoverage="0" branchCoverage="0" isConstructor="False" isGetter="False" isSetter="False" isStatic="True">
              <Summary numSequencePoints="10" visitedSequencePoints="9" numBranchPoints="0" visitedBranchPoints="0" sequenceCoverage="0" branchCoverage="0" maxCyclomaticComplexity="0" minCyclomaticComplexity="0" visitedClasses="0" numClasses="0" visitedMethods="1" numMethods="1" />
              <MetadataToken />
              <Name>System.String CsToTs.TypeScript.Helper::GenerateTypeScript(System.Collections.Generic.IEnumerable`1&lt;System.Type&gt;,CsToTs.TypeScriptOptions)</Name>
              <FileRef uid="7" />
              <SequencePoints>
                <SequencePoint vc="1" upsid="20" ordinal="0" sl="20" sc="1" el="20" ec="2" bec="0" bev="0" fileid="7" />
                <SequencePoint vc="1" upsid="21" ordinal="1" sl="21" sc="1" el="21" ec="2" bec="0" bev="0" fileid="7" />
                <SequencePoint vc="1" upsid="22" ordinal="2" sl="22" sc="1" el="22" ec="2" bec="0" bev="0" fileid="7" />
                <SequencePoint vc="1" upsid="24" ordinal="3" sl="24" sc="1" el="24" ec="2" bec="0" bev="0" fileid="7" />
                <SequencePoint vc="1" upsid="25" ordinal="4" sl="25" sc="1" el="25" ec="2" bec="0" bev="0" fileid="7" />
                <SequencePoint vc="1" upsid="26" ordinal="5" sl="26" sc="1" el="26" ec="2" bec="0" bev="0" fileid="7" />
                <SequencePoint vc="1" upsid="28" ordinal="6" sl="28" sc="1" el="28" ec="2" bec="0" bev="0" fileid="7" />
                <SequencePoint vc="1" upsid="30" ordinal="7" sl="30" sc="1" el="30" ec="2" bec="0" bev="0" fileid="7" />
                <SequencePoint vc="1" upsid="31" ordinal="8" sl="31" sc="1" el="31" ec="2" bec="0" bev="0" fileid="7" />
                <SequencePoint vc="0" upsid="32" ordinal="9" sl="32" sc="1" el="32" ec="2" bec="0" bev="0" fileid="7" />
              </SequencePoints>
              <BranchPoints />
              <MethodPoint vc="9" upsid="0" d8p1:type="SequencePoint" ordinal="2" offset="2" sc="0" sl="20" ec="1" el="32" bec="0" bev="0" fileid="7" xmlns:d8p1="xsi" />
            </Method>
            <Method cyclomaticComplexity="0" nPathComplexity="0" sequenceCoverage="0" branchCoverage="0" isConstructor="False" isGetter="False" isSetter="False" isStatic="True">
              <Summary numSequencePoints="10" visitedSequencePoints="5" numBranchPoints="0" visitedBranchPoints="0" sequenceCoverage="0" branchCoverage="0" maxCyclomaticComplexity="0" minCyclomaticComplexity="0" visitedClasses="0" numClasses="0" visitedMethods="1" numMethods="1" />
              <MetadataToken />
              <Name>System.Void CsToTs.TypeScript.Helper::GetTypeScriptDefinitions(System.Collections.Generic.IEnumerable`1&lt;System.Type&gt;,CsToTs.TypeScript.TypeScriptContext)</Name>
              <FileRef uid="7" />
              <SequencePoints>
                <SequencePoint vc="1" upsid="34" ordinal="0" sl="34" sc="1" el="34" ec="2" bec="0" bev="0" fileid="7" />
                <SequencePoint vc="4" upsid="35" ordinal="1" sl="35" sc="1" el="35" ec="2" bec="0" bev="0" fileid="7" />
                <SequencePoint vc="2" upsid="36" ordinal="2" sl="36" sc="1" el="36" ec="2" bec="0" bev="0" fileid="7" />
                <SequencePoint vc="1" upsid="37" ordinal="3" sl="37" sc="1" el="37" ec="2" bec="0" bev="0" fileid="7" />
                <SequencePoint vc="1" upsid="38" ordinal="4" sl="38" sc="1" el="38" ec="2" bec="0" bev="0" fileid="7" />
                <SequencePoint vc="0" upsid="39" ordinal="5" sl="39" sc="1" el="39" ec="2" bec="0" bev="0" fileid="7" />
                <SequencePoint vc="0" upsid="40" ordinal="6" sl="40" sc="1" el="40" ec="2" bec="0" bev="0" fileid="7" />
                <SequencePoint vc="0" upsid="41" ordinal="7" sl="41" sc="1" el="41" ec="2" bec="0" bev="0" fileid="7" />
                <SequencePoint vc="0" upsid="42" ordinal="8" sl="42" sc="1" el="42" ec="2" bec="0" bev="0" fileid="7" />
                <SequencePoint vc="0" upsid="43" ordinal="9" sl="43" sc="1" el="43" ec="2" bec="0" bev="0" fileid="7" />
              </SequencePoints>
              <BranchPoints />
              <MethodPoint vc="9" upsid="0" d8p1:type="SequencePoint" ordinal="3" offset="3" sc="0" sl="34" ec="1" el="43" bec="0" bev="0" fileid="7" xmlns:d8p1="xsi" />
            </Method>
            <Method cyclomaticComplexity="0" nPathComplexity="0" sequenceCoverage="0" branchCoverage="0" isConstructor="False" isGetter="False" isSetter="False" isStatic="True">
              <Summary numSequencePoints="30" visitedSequencePoints="26" numBranchPoints="0" visitedBranchPoints="0" sequenceCoverage="0" branchCoverage="0" maxCyclomaticComplexity="0" minCyclomaticComplexity="0" visitedClasses="0" numClasses="0" visitedMethods="1" numMethods="1" />
              <MetadataToken />
              <Name>CsToTs.TypeScript.TypeDefinition CsToTs.TypeScript.Helper::PopulateTypeDefinition(System.Type,CsToTs.TypeScript.TypeScriptContext)</Name>
              <FileRef uid="7" />
              <SequencePoints>
                <SequencePoint vc="10" upsid="45" ordinal="0" sl="45" sc="1" el="45" ec="2" bec="0" bev="0" fileid="7" />
                <SequencePoint vc="13" upsid="46" ordinal="1" sl="46" sc="1" el="46" ec="2" bec="0" bev="0" fileid="7" />
                <SequencePoint vc="6" upsid="48" ordinal="2" sl="48" sc="1" el="48" ec="2" bec="0" bev="0" fileid="7" />
                <SequencePoint vc="6" upsid="49" ordinal="3" sl="49" sc="1" el="49" ec="2" bec="0" bev="0" fileid="7" />
                <SequencePoint vc="6" upsid="50" ordinal="4" sl="50" sc="1" el="50" ec="2" bec="0" bev="0" fileid="7" />
                <SequencePoint vc="11" upsid="52" ordinal="5" sl="52" sc="1" el="52" ec="2" bec="0" bev="0" fileid="7" />
                <SequencePoint vc="11" upsid="53" ordinal="6" sl="53" sc="1" el="53" ec="2" bec="0" bev="0" fileid="7" />
                <SequencePoint vc="0" upsid="55" ordinal="7" sl="55" sc="1" el="55" ec="2" bec="0" bev="0" fileid="7" />
                <SequencePoint vc="3" upsid="57" ordinal="8" sl="57" sc="1" el="57" ec="2" bec="0" bev="0" fileid="7" />
                <SequencePoint vc="3" upsid="58" ordinal="9" sl="58" sc="1" el="58" ec="2" bec="0" bev="0" fileid="7" />
                <SequencePoint vc="3" upsid="59" ordinal="10" sl="59" sc="1" el="59" ec="2" bec="0" bev="0" fileid="7" />
                <SequencePoint vc="4" upsid="61" ordinal="11" sl="61" sc="1" el="61" ec="2" bec="0" bev="0" fileid="7" />
                <SequencePoint vc="1" upsid="62" ordinal="12" sl="62" sc="1" el="62" ec="2" bec="0" bev="0" fileid="7" />
                <SequencePoint vc="0" upsid="63" ordinal="13" sl="63" sc="1" el="63" ec="2" bec="0" bev="0" fileid="7" />
                <SequencePoint vc="0" upsid="64" ordinal="14" sl="64" sc="1" el="64" ec="2" bec="0" bev="0" fileid="7" />
                <SequencePoint vc="1" upsid="65" ordinal="15" sl="65" sc="1" el="65" ec="2" bec="0" bev="0" fileid="7" />
                <SequencePoint vc="1" upsid="66" ordinal="16" sl="66" sc="1" el="66" ec="2" bec="0" bev="0" fileid="7" />
                <SequencePoint vc="1" upsid="67" ordinal="17" sl="67" sc="1" el="67" ec="2" bec="0" bev="0" fileid="7" />
                <SequencePoint vc="1" upsid="68" ordinal="18" sl="68" sc="1" el="68" ec="2" bec="0" bev="0" fileid="7" />
                <SequencePoint vc="5" upsid="70" ordinal="19" sl="70" sc="1" el="70" ec="2" bec="0" bev="0" fileid="7" />
                <SequencePoint vc="3" upsid="72" ordinal="20" sl="72" sc="1" el="72" ec="2" bec="0" bev="0" fileid="7" />
                <SequencePoint vc="3" upsid="73" ordinal="21" sl="73" sc="1" el="73" ec="2" bec="0" bev="0" fileid="7" />
                <SequencePoint vc="5" upsid="75" ordinal="22" sl="75" sc="1" el="75" ec="2" bec="0" bev="0" fileid="7" />
                <SequencePoint vc="2" upsid="76" ordinal="23" sl="76" sc="1" el="76" ec="2" bec="0" bev="0" fileid="7" />
                <SequencePoint vc="4" upsid="77" ordinal="24" sl="77" sc="1" el="77" ec="2" bec="0" bev="0" fileid="7" />
                <SequencePoint vc="2" upsid="78" ordinal="25" sl="78" sc="1" el="78" ec="2" bec="0" bev="0" fileid="7" />
                <SequencePoint vc="2" upsid="80" ordinal="26" sl="80" sc="1" el="80" ec="2" bec="0" bev="0" fileid="7" />
                <SequencePoint vc="3" upsid="81" ordinal="27" sl="81" sc="1" el="81" ec="2" bec="0" bev="0" fileid="7" />
                <SequencePoint vc="3" upsid="83" ordinal="28" sl="83" sc="1" el="83" ec="2" bec="0" bev="0" fileid="7" />
                <SequencePoint vc="0" upsid="84" ordinal="29" sl="84" sc="1" el="84" ec="2" bec="0" bev="0" fileid="7" />
              </SequencePoints>
              <BranchPoints />
              <MethodPoint vc="113" upsid="0" d8p1:type="SequencePoint" ordinal="4" offset="4" sc="0" sl="45" ec="1" el="84" bec="0" bev="0" fileid="7" xmlns:d8p1="xsi" />
            </Method>
            <Method cyclomaticComplexity="0" nPathComplexity="0" sequenceCoverage="0" branchCoverage="0" isConstructor="False" isGetter="False" isSetter="False" isStatic="True">
              <Summary numSequencePoints="9" visitedSequencePoints="7" numBranchPoints="0" visitedBranchPoints="0" sequenceCoverage="0" branchCoverage="0" maxCyclomaticComplexity="0" minCyclomaticComplexity="0" visitedClasses="0" numClasses="0" visitedMethods="1" numMethods="1" />
              <MetadataToken />
              <Name>CsToTs.TypeScript.EnumDefinition CsToTs.TypeScript.Helper::PopulateEnumDefinition(System.Type,CsToTs.TypeScript.TypeScriptContext)</Name>
              <FileRef uid="7" />
              <SequencePoints>
                <SequencePoint vc="1" upsid="86" ordinal="0" sl="86" sc="1" el="86" ec="2" bec="0" bev="0" fileid="7" />
                <SequencePoint vc="1" upsid="87" ordinal="1" sl="87" sc="1" el="87" ec="2" bec="0" bev="0" fileid="7" />
                <SequencePoint vc="1" upsid="88" ordinal="2" sl="88" sc="1" el="88" ec="2" bec="0" bev="0" fileid="7" />
                <SequencePoint vc="0" upsid="90" ordinal="3" sl="90" sc="1" el="90" ec="2" bec="0" bev="0" fileid="7" />
                <SequencePoint vc="2" upsid="91" ordinal="4" sl="91" sc="1" el="91" ec="2" bec="0" bev="0" fileid="7" />
                <SequencePoint vc="1" upsid="93" ordinal="5" sl="93" sc="1" el="93" ec="2" bec="0" bev="0" fileid="7" />
                <SequencePoint vc="1" upsid="94" ordinal="6" sl="94" sc="1" el="94" ec="2" bec="0" bev="0" fileid="7" />
                <SequencePoint vc="1" upsid="96" ordinal="7" sl="96" sc="1" el="96" ec="2" bec="0" bev="0" fileid="7" />
                <SequencePoint vc="0" upsid="97" ordinal="8" sl="97" sc="1" el="97" ec="2" bec="0" bev="0" fileid="7" />
              </SequencePoints>
              <BranchPoints />
              <MethodPoint vc="8" upsid="0" d8p1:type="SequencePoint" ordinal="5" offset="5" sc="0" sl="86" ec="1" el="97" bec="0" bev="0" fileid="7" xmlns:d8p1="xsi" />
            </Method>
            <Method cyclomaticComplexity="0" nPathComplexity="0" sequenceCoverage="0" branchCoverage="0" isConstructor="False" isGetter="False" isSetter="False" isStatic="True">
              <Summary numSequencePoints="10" visitedSequencePoints="9" numBranchPoints="0" visitedBranchPoints="0" sequenceCoverage="0" branchCoverage="0" maxCyclomaticComplexity="0" minCyclomaticComplexity="0" visitedClasses="0" numClasses="0" visitedMethods="1" numMethods="1" />
              <MetadataToken />
              <Name>System.Collections.Generic.IEnumerable`1&lt;CsToTs.TypeScript.MemberDefinition&gt; CsToTs.TypeScript.Helper::GetMembers(System.Type,CsToTs.TypeScript.TypeScriptContext)</Name>
              <FileRef uid="7" />
              <SequencePoints>
                <SequencePoint vc="3" upsid="99" ordinal="0" sl="99" sc="1" el="99" ec="2" bec="0" bev="0" fileid="7" />
                <SequencePoint vc="3" upsid="102" ordinal="1" sl="102" sc="1" el="102" ec="2" bec="0" bev="0" fileid="7" />
                <SequencePoint vc="3" upsid="103" ordinal="2" sl="103" sc="1" el="103" ec="2" bec="0" bev="0" fileid="7" />
                <SequencePoint vc="3" upsid="104" ordinal="3" sl="104" sc="1" el="104" ec="2" bec="0" bev="0" fileid="7" />
                <SequencePoint vc="3" upsid="106" ordinal="4" sl="106" sc="1" el="106" ec="2" bec="0" bev="0" fileid="7" />
                <SequencePoint vc="3" upsid="107" ordinal="5" sl="107" sc="1" el="107" ec="2" bec="0" bev="0" fileid="7" />
                <SequencePoint vc="12" upsid="108" ordinal="6" sl="108" sc="1" el="108" ec="2" bec="0" bev="0" fileid="7" />
                <SequencePoint vc="3" upsid="109" ordinal="7" sl="109" sc="1" el="109" ec="2" bec="0" bev="0" fileid="7" />
                <SequencePoint vc="3" upsid="111" ordinal="8" sl="111" sc="1" el="111" ec="2" bec="0" bev="0" fileid="7" />
                <SequencePoint vc="0" upsid="112" ordinal="9" sl="112" sc="1" el="112" ec="2" bec="0" bev="0" fileid="7" />
              </SequencePoints>
              <BranchPoints />
              <MethodPoint vc="36" upsid="0" d8p1:type="SequencePoint" ordinal="6" offset="6" sc="0" sl="99" ec="1" el="112" bec="0" bev="0" fileid="7" xmlns:d8p1="xsi" />
            </Method>
            <Method cyclomaticComplexity="0" nPathComplexity="0" sequenceCoverage="0" branchCoverage="0" isConstructor="False" isGetter="False" isSetter="False" isStatic="True">
              <Summary numSequencePoints="20" visitedSequencePoints="9" numBranchPoints="0" visitedBranchPoints="0" sequenceCoverage="0" branchCoverage="0" maxCyclomaticComplexity="0" minCyclomaticComplexity="0" visitedClasses="0" numClasses="0" visitedMethods="1" numMethods="1" />
              <MetadataToken />
              <Name>System.String CsToTs.TypeScript.Helper::GetTypeName(System.Type,CsToTs.TypeScript.TypeScriptContext)</Name>
              <FileRef uid="7" />
              <SequencePoints>
                <SequencePoint vc="3" upsid="114" ordinal="0" sl="114" sc="1" el="114" ec="2" bec="0" bev="0" fileid="7" />
                <SequencePoint vc="4" upsid="115" ordinal="1" sl="115" sc="1" el="115" ec="2" bec="0" bev="0" fileid="7" />
                <SequencePoint vc="2" upsid="117" ordinal="2" sl="117" sc="1" el="117" ec="2" bec="0" bev="0" fileid="7" />
                <SequencePoint vc="2" upsid="118" ordinal="3" sl="118" sc="1" el="118" ec="2" bec="0" bev="0" fileid="7" />
                <SequencePoint vc="3" upsid="119" ordinal="4" sl="119" sc="1" el="119" ec="2" bec="0" bev="0" fileid="7" />
                <SequencePoint vc="2" upsid="120" ordinal="5" sl="120" sc="1" el="120" ec="2" bec="0" bev="0" fileid="7" />
                <SequencePoint vc="2" upsid="121" ordinal="6" sl="121" sc="1" el="121" ec="2" bec="0" bev="0" fileid="7" />
                <SequencePoint vc="0" upsid="122" ordinal="7" sl="122" sc="1" el="122" ec="2" bec="0" bev="0" fileid="7" />
                <SequencePoint vc="2" upsid="123" ordinal="8" sl="123" sc="1" el="123" ec="2" bec="0" bev="0" fileid="7" />
                <SequencePoint vc="0" upsid="124" ordinal="9" sl="124" sc="1" el="124" ec="2" bec="0" bev="0" fileid="7" />
                <SequencePoint vc="0" upsid="125" ordinal="10" sl="125" sc="1" el="125" ec="2" bec="0" bev="0" fileid="7" />
                <SequencePoint vc="0" upsid="126" ordinal="11" sl="126" sc="1" el="126" ec="2" bec="0" bev="0" fileid="7" />
                <SequencePoint vc="0" upsid="127" ordinal="12" sl="127" sc="1" el="127" ec="2" bec="0" bev="0" fileid="7" />
                <SequencePoint vc="0" upsid="128" ordinal="13" sl="128" sc="1" el="128" ec="2" bec="0" bev="0" fileid="7" />
                <SequencePoint vc="0" upsid="129" ordinal="14" sl="129" sc="1" el="129" ec="2" bec="0" bev="0" fileid="7" />
                <SequencePoint vc="0" upsid="130" ordinal="15" sl="130" sc="1" el="130" ec="2" bec="0" bev="0" fileid="7" />
                <SequencePoint vc="0" upsid="131" ordinal="16" sl="131" sc="1" el="131" ec="2" bec="0" bev="0" fileid="7" />
                <SequencePoint vc="0" upsid="132" ordinal="17" sl="132" sc="1" el="132" ec="2" bec="0" bev="0" fileid="7" />
                <SequencePoint vc="2" upsid="134" ordinal="18" sl="134" sc="1" el="134" ec="2" bec="0" bev="0" fileid="7" />
                <SequencePoint vc="0" upsid="135" ordinal="19" sl="135" sc="1" el="135" ec="2" bec="0" bev="0" fileid="7" />
              </SequencePoints>
              <BranchPoints />
              <MethodPoint vc="22" upsid="0" d8p1:type="SequencePoint" ordinal="7" offset="7" sc="0" sl="114" ec="1" el="135" bec="0" bev="0" fileid="7" xmlns:d8p1="xsi" />
            </Method>
            <Method cyclomaticComplexity="0" nPathComplexity="0" sequenceCoverage="0" branchCoverage="0" isConstructor="False" isGetter="False" isSetter="False" isStatic="True">
              <Summary numSequencePoints="20" visitedSequencePoints="12" numBranchPoints="0" visitedBranchPoints="0" sequenceCoverage="0" branchCoverage="0" maxCyclomaticComplexity="0" minCyclomaticComplexity="0" visitedClasses="0" numClasses="0" visitedMethods="1" numMethods="1" />
              <MetadataToken />
              <Name>System.String CsToTs.TypeScript.Helper::GetTypeRef(System.Type,CsToTs.TypeScript.TypeScriptContext)</Name>
              <FileRef uid="7" />
              <SequencePoints>
                <SequencePoint vc="15" upsid="137" ordinal="0" sl="137" sc="1" el="137" ec="2" bec="0" bev="0" fileid="7" />
                <SequencePoint vc="15" upsid="138" ordinal="1" sl="138" sc="1" el="138" ec="2" bec="0" bev="0" fileid="7" />
                <SequencePoint vc="3" upsid="139" ordinal="2" sl="139" sc="1" el="139" ec="2" bec="0" bev="0" fileid="7" />
                <SequencePoint vc="1" upsid="141" ordinal="3" sl="141" sc="1" el="141" ec="2" bec="0" bev="0" fileid="7" />
                <SequencePoint vc="1" upsid="142" ordinal="4" sl="142" sc="1" el="142" ec="2" bec="0" bev="0" fileid="7" />
                <SequencePoint vc="1" upsid="143" ordinal="5" sl="143" sc="1" el="143" ec="2" bec="0" bev="0" fileid="7" />
                <SequencePoint vc="0" upsid="146" ordinal="6" sl="146" sc="1" el="146" ec="2" bec="0" bev="0" fileid="7" />
                <SequencePoint vc="11" upsid="147" ordinal="7" sl="147" sc="1" el="147" ec="2" bec="0" bev="0" fileid="7" />
                <SequencePoint vc="8" upsid="148" ordinal="8" sl="148" sc="1" el="148" ec="2" bec="0" bev="0" fileid="7" />
                <SequencePoint vc="0" upsid="150" ordinal="9" sl="150" sc="1" el="150" ec="2" bec="0" bev="0" fileid="7" />
                <SequencePoint vc="0" upsid="151" ordinal="10" sl="151" sc="1" el="151" ec="2" bec="0" bev="0" fileid="7" />
                <SequencePoint vc="0" upsid="153" ordinal="11" sl="153" sc="1" el="153" ec="2" bec="0" bev="0" fileid="7" />
                <SequencePoint vc="3" upsid="154" ordinal="12" sl="154" sc="1" el="154" ec="2" bec="0" bev="0" fileid="7" />
                <SequencePoint vc="0" upsid="155" ordinal="13" sl="155" sc="1" el="155" ec="2" bec="0" bev="0" fileid="7" />
                <SequencePoint vc="0" upsid="157" ordinal="14" sl="157" sc="1" el="157" ec="2" bec="0" bev="0" fileid="7" />
                <SequencePoint vc="6" upsid="158" ordinal="15" sl="158" sc="1" el="158" ec="2" bec="0" bev="0" fileid="7" />
                <SequencePoint vc="6" upsid="159" ordinal="16" sl="159" sc="1" el="159" ec="2" bec="0" bev="0" fileid="7" />
                <SequencePoint vc="3" upsid="160" ordinal="17" sl="160" sc="1" el="160" ec="2" bec="0" bev="0" fileid="7" />
                <SequencePoint vc="0" upsid="163" ordinal="18" sl="163" sc="1" el="163" ec="2" bec="0" bev="0" fileid="7" />
                <SequencePoint vc="0" upsid="164" ordinal="19" sl="164" sc="1" el="164" ec="2" bec="0" bev="0" fileid="7" />
              </SequencePoints>
              <BranchPoints />
              <MethodPoint vc="73" upsid="0" d8p1:type="SequencePoint" ordinal="8" offset="8" sc="0" sl="137" ec="1" el="164" bec="0" bev="0" fileid="7" xmlns:d8p1="xsi" />
            </Method>
            <Method cyclomaticComplexity="0" nPathComplexity="0" sequenceCoverage="0" branchCoverage="0" isConstructor="False" isGetter="False" isSetter="False" isStatic="True">
              <Summary numSequencePoints="8" visitedSequencePoints="2" numBranchPoints="0" visitedBranchPoints="0" sequenceCoverage="0" branchCoverage="0" maxCyclomaticComplexity="0" minCyclomaticComplexity="0" visitedClasses="0" numClasses="0" visitedMethods="1" numMethods="1" />
              <MetadataToken />
              <Name>System.String CsToTs.TypeScript.Helper::GetPrimitiveMemberType(System.TypeCode,CsToTs.TypeScriptOptions)</Name>
              <FileRef uid="7" />
              <SequencePoints>
                <SequencePoint vc="8" upsid="166" ordinal="0" sl="166" sc="1" el="166" ec="2" bec="0" bev="0" fileid="7" />
                <SequencePoint vc="8" upsid="167" ordinal="1" sl="167" sc="1" el="167" ec="2" bec="0" bev="0" fileid="7" />
                <SequencePoint vc="0" upsid="169" ordinal="2" sl="169" sc="1" el="169" ec="2" bec="0" bev="0" fileid="7" />
                <SequencePoint vc="0" upsid="181" ordinal="3" sl="181" sc="1" el="181" ec="2" bec="0" bev="0" fileid="7" />
                <SequencePoint vc="0" upsid="184" ordinal="4" sl="184" sc="1" el="184" ec="2" bec="0" bev="0" fileid="7" />
                <SequencePoint vc="0" upsid="186" ordinal="5" sl="186" sc="1" el="186" ec="2" bec="0" bev="0" fileid="7" />
                <SequencePoint vc="0" upsid="188" ordinal="6" sl="188" sc="1" el="188" ec="2" bec="0" bev="0" fileid="7" />
                <SequencePoint vc="0" upsid="190" ordinal="7" sl="190" sc="1" el="190" ec="2" bec="0" bev="0" fileid="7" />
              </SequencePoints>
              <BranchPoints />
              <MethodPoint vc="16" upsid="0" d8p1:type="SequencePoint" ordinal="9" offset="9" sc="0" sl="166" ec="1" el="190" bec="0" bev="0" fileid="7" xmlns:d8p1="xsi" />
            </Method>
            <Method cyclomaticComplexity="0" nPathComplexity="0" sequenceCoverage="0" branchCoverage="0" isConstructor="False" isGetter="False" isSetter="False" isStatic="True">
              <Summary numSequencePoints="1" visitedSequencePoints="1" numBranchPoints="0" visitedBranchPoints="0" sequenceCoverage="0" branchCoverage="0" maxCyclomaticComplexity="0" minCyclomaticComplexity="0" visitedClasses="0" numClasses="0" visitedMethods="1" numMethods="1" />
              <MetadataToken />
              <Name>System.String CsToTs.TypeScript.Helper::StripGenericFromName(System.Type)</Name>
              <FileRef uid="7" />
              <SequencePoints>
                <SequencePoint vc="5" upsid="192" ordinal="0" sl="192" sc="1" el="192" ec="2" bec="0" bev="0" fileid="7" />
              </SequencePoints>
              <BranchPoints />
              <MethodPoint vc="5" upsid="0" d8p1:type="SequencePoint" ordinal="10" offset="10" sc="0" sl="192" ec="1" el="192" bec="0" bev="0" fileid="7" xmlns:d8p1="xsi" />
            </Method>
            <Method cyclomaticComplexity="0" nPathComplexity="0" sequenceCoverage="0" branchCoverage="0" isConstructor="False" isGetter="False" isSetter="False" isStatic="True">
              <Summary numSequencePoints="6" visitedSequencePoints="5" numBranchPoints="0" visitedBranchPoints="0" sequenceCoverage="0" branchCoverage="0" maxCyclomaticComplexity="0" minCyclomaticComplexity="0" visitedClasses="0" numClasses="0" visitedMethods="1" numMethods="1" />
              <MetadataToken />
              <Name>System.String CsToTs.TypeScript.Helper::GetDefaultTemplate()</Name>
              <FileRef uid="7" />
              <SequencePoints>
                <SequencePoint vc="1" upsid="194" ordinal="0" sl="194" sc="1" el="194" ec="2" bec="0" bev="0" fileid="7" />
                <SequencePoint vc="1" upsid="195" ordinal="1" sl="195" sc="1" el="195" ec="2" bec="0" bev="0" fileid="7" />
                <SequencePoint vc="2" upsid="196" ordinal="2" sl="196" sc="1" el="196" ec="2" bec="0" bev="0" fileid="7" />
                <SequencePoint vc="2" upsid="197" ordinal="3" sl="197" sc="1" el="197" ec="2" bec="0" bev="0" fileid="7" />
                <SequencePoint vc="1" upsid="198" ordinal="4" sl="198" sc="1" el="198" ec="2" bec="0" bev="0" fileid="7" />
                <SequencePoint vc="0" upsid="200" ordinal="5" sl="200" sc="1" el="200" ec="2" bec="0" bev="0" fileid="7" />
              </SequencePoints>
              <BranchPoints />
              <MethodPoint vc="7" upsid="0" d8p1:type="SequencePoint" ordinal="11" offset="11" sc="0" sl="194" ec="1" el="200" bec="0" bev="0" fileid="7" xmlns:d8p1="xsi" />
            </Method>
            <Method cyclomaticComplexity="0" nPathComplexity="0" sequenceCoverage="0" branchCoverage="0" isConstructor="True" isGetter="False" isSetter="False" isStatic="True">
              <Summary numSequencePoints="1" visitedSequencePoints="1" numBranchPoints="0" visitedBranchPoints="0" sequenceCoverage="0" branchCoverage="0" maxCyclomaticComplexity="0" minCyclomaticComplexity="0" visitedClasses="0" numClasses="0" visitedMethods="1" numMethods="1" />
              <MetadataToken />
              <Name>System.Void CsToTs.TypeScript.Helper::.cctor()</Name>
              <FileRef uid="7" />
              <SequencePoints>
                <SequencePoint vc="1" upsid="14" ordinal="0" sl="14" sc="1" el="14" ec="2" bec="0" bev="0" fileid="7" />
              </SequencePoints>
              <BranchPoints />
              <MethodPoint vc="1" upsid="0" d8p1:type="SequencePoint" ordinal="12" offset="12" sc="0" sl="14" ec="1" el="14" bec="0" bev="0" fileid="7" xmlns:d8p1="xsi" />
            </Method>
          </Methods>
        </Class>
        <Class>
          <Summary numSequencePoints="6" visitedSequencePoints="6" numBranchPoints="0" visitedBranchPoints="0" sequenceCoverage="0" branchCoverage="0" maxCyclomaticComplexity="0" minCyclomaticComplexity="0" visitedClasses="1" numClasses="1" visitedMethods="0" numMethods="3" />
          <FullName>CsToTs.TypeScript.MemberDefinition</FullName>
          <Methods>
            <Method cyclomaticComplexity="0" nPathComplexity="0" sequenceCoverage="0" branchCoverage="0" isConstructor="True" isGetter="False" isSetter="False" isStatic="True">
              <Summary numSequencePoints="4" visitedSequencePoints="4" numBranchPoints="0" visitedBranchPoints="0" sequenceCoverage="0" branchCoverage="0" maxCyclomaticComplexity="0" minCyclomaticComplexity="0" visitedClasses="0" numClasses="0" visitedMethods="1" numMethods="1" />
              <MetadataToken />
              <Name>System.Void CsToTs.TypeScript.MemberDefinition::.ctor(System.String,System.String)</Name>
              <FileRef uid="8" />
              <SequencePoints>
                <SequencePoint vc="18" upsid="5" ordinal="0" sl="5" sc="1" el="5" ec="2" bec="0" bev="0" fileid="8" />
                <SequencePoint vc="9" upsid="6" ordinal="1" sl="6" sc="1" el="6" ec="2" bec="0" bev="0" fileid="8" />
                <SequencePoint vc="9" upsid="7" ordinal="2" sl="7" sc="1" el="7" ec="2" bec="0" bev="0" fileid="8" />
                <SequencePoint vc="9" upsid="8" ordinal="3" sl="8" sc="1" el="8" ec="2" bec="0" bev="0" fileid="8" />
              </SequencePoints>
              <BranchPoints />
              <MethodPoint vc="45" upsid="0" d8p1:type="SequencePoint" ordinal="0" offset="0" sc="0" sl="5" ec="1" el="8" bec="0" bev="0" fileid="8" xmlns:d8p1="xsi" />
            </Method>
            <Method cyclomaticComplexity="0" nPathComplexity="0" sequenceCoverage="0" branchCoverage="0" isConstructor="False" isGetter="True" isSetter="False" isStatic="True">
              <Summary numSequencePoints="1" visitedSequencePoints="1" numBranchPoints="0" visitedBranchPoints="0" sequenceCoverage="0" branchCoverage="0" maxCyclomaticComplexity="0" minCyclomaticComplexity="0" visitedClasses="0" numClasses="0" visitedMethods="1" numMethods="1" />
              <MetadataToken />
              <Name>System.String CsToTs.TypeScript.MemberDefinition::get_Name()</Name>
              <FileRef uid="8" />
              <SequencePoints>
                <SequencePoint vc="9" upsid="10" ordinal="0" sl="10" sc="1" el="10" ec="2" bec="0" bev="0" fileid="8" />
              </SequencePoints>
              <BranchPoints />
              <MethodPoint vc="9" upsid="0" d8p1:type="SequencePoint" ordinal="1" offset="1" sc="0" sl="10" ec="1" el="10" bec="0" bev="0" fileid="8" xmlns:d8p1="xsi" />
            </Method>
            <Method cyclomaticComplexity="0" nPathComplexity="0" sequenceCoverage="0" branchCoverage="0" isConstructor="False" isGetter="True" isSetter="False" isStatic="True">
              <Summary numSequencePoints="1" visitedSequencePoints="1" numBranchPoints="0" visitedBranchPoints="0" sequenceCoverage="0" branchCoverage="0" maxCyclomaticComplexity="0" minCyclomaticComplexity="0" visitedClasses="0" numClasses="0" visitedMethods="1" numMethods="1" />
              <MetadataToken />
              <Name>System.String CsToTs.TypeScript.MemberDefinition::get_Type()</Name>
              <FileRef uid="8" />
              <SequencePoints>
                <SequencePoint vc="9" upsid="11" ordinal="0" sl="11" sc="1" el="11" ec="2" bec="0" bev="0" fileid="8" />
              </SequencePoints>
              <BranchPoints />
              <MethodPoint vc="9" upsid="0" d8p1:type="SequencePoint" ordinal="2" offset="2" sc="0" sl="11" ec="1" el="11" bec="0" bev="0" fileid="8" xmlns:d8p1="xsi" />
            </Method>
          </Methods>
        </Class>
        <Class>
          <Summary numSequencePoints="7" visitedSequencePoints="7" numBranchPoints="0" visitedBranchPoints="0" sequenceCoverage="0" branchCoverage="0" maxCyclomaticComplexity="0" minCyclomaticComplexity="0" visitedClasses="1" numClasses="1" visitedMethods="0" numMethods="4" />
          <FullName>CsToTs.TypeScript.TypeDefinition</FullName>
          <Methods>
            <Method cyclomaticComplexity="0" nPathComplexity="0" sequenceCoverage="0" branchCoverage="0" isConstructor="True" isGetter="False" isSetter="False" isStatic="True">
              <Summary numSequencePoints="4" visitedSequencePoints="4" numBranchPoints="0" visitedBranchPoints="0" sequenceCoverage="0" branchCoverage="0" maxCyclomaticComplexity="0" minCyclomaticComplexity="0" visitedClasses="0" numClasses="0" visitedMethods="1" numMethods="1" />
              <MetadataToken />
              <Name>System.Void CsToTs.TypeScript.TypeDefinition::.ctor(System.Type)</Name>
              <FileRef uid="9" />
              <SequencePoints>
                <SequencePoint vc="6" upsid="9" ordinal="0" sl="9" sc="1" el="9" ec="2" bec="0" bev="0" fileid="9" />
                <SequencePoint vc="3" upsid="10" ordinal="1" sl="10" sc="1" el="10" ec="2" bec="0" bev="0" fileid="9" />
                <SequencePoint vc="3" upsid="11" ordinal="2" sl="11" sc="1" el="11" ec="2" bec="0" bev="0" fileid="9" />
                <SequencePoint vc="3" upsid="12" ordinal="3" sl="12" sc="1" el="12" ec="2" bec="0" bev="0" fileid="9" />
              </SequencePoints>
              <BranchPoints />
              <MethodPoint vc="15" upsid="0" d8p1:type="SequencePoint" ordinal="0" offset="0" sc="0" sl="9" ec="1" el="12" bec="0" bev="0" fileid="9" xmlns:d8p1="xsi" />
            </Method>
            <Method cyclomaticComplexity="0" nPathComplexity="0" sequenceCoverage="0" branchCoverage="0" isConstructor="False" isGetter="True" isSetter="False" isStatic="True">
              <Summary numSequencePoints="1" visitedSequencePoints="1" numBranchPoints="0" visitedBranchPoints="0" sequenceCoverage="0" branchCoverage="0" maxCyclomaticComplexity="0" minCyclomaticComplexity="0" visitedClasses="0" numClasses="0" visitedMethods="1" numMethods="1" />
              <MetadataToken />
              <Name>System.Type CsToTs.TypeScript.TypeDefinition::get_ClrType()</Name>
              <FileRef uid="9" />
              <SequencePoints>
                <SequencePoint vc="5" upsid="14" ordinal="0" sl="14" sc="1" el="14" ec="2" bec="0" bev="0" fileid="9" />
              </SequencePoints>
              <BranchPoints />
              <MethodPoint vc="5" upsid="0" d8p1:type="SequencePoint" ordinal="1" offset="1" sc="0" sl="14" ec="1" el="14" bec="0" bev="0" fileid="9" xmlns:d8p1="xsi" />
            </Method>
            <Method cyclomaticComplexity="0" nPathComplexity="0" sequenceCoverage="0" branchCoverage="0" isConstructor="False" isGetter="True" isSetter="False" isStatic="True">
              <Summary numSequencePoints="1" visitedSequencePoints="1" numBranchPoints="0" visitedBranchPoints="0" sequenceCoverage="0" branchCoverage="0" maxCyclomaticComplexity="0" minCyclomaticComplexity="0" visitedClasses="0" numClasses="0" visitedMethods="1" numMethods="1" />
              <MetadataToken />
              <Name>System.String CsToTs.TypeScript.TypeDefinition::get_Declaration()</Name>
              <FileRef uid="9" />
              <SequencePoints>
                <SequencePoint vc="6" upsid="15" ordinal="0" sl="15" sc="1" el="15" ec="2" bec="0" bev="0" fileid="9" />
              </SequencePoints>
              <BranchPoints />
              <MethodPoint vc="6" upsid="0" d8p1:type="SequencePoint" ordinal="2" offset="2" sc="0" sl="15" ec="1" el="15" bec="0" bev="0" fileid="9" xmlns:d8p1="xsi" />
            </Method>
            <Method cyclomaticComplexity="0" nPathComplexity="0" sequenceCoverage="0" branchCoverage="0" isConstructor="False" isGetter="True" isSetter="False" isStatic="True">
              <Summary numSequencePoints="1" visitedSequencePoints="1" numBranchPoints="0" visitedBranchPoints="0" sequenceCoverage="0" branchCoverage="0" maxCyclomaticComplexity="0" minCyclomaticComplexity="0" visitedClasses="0" numClasses="0" visitedMethods="1" numMethods="1" />
              <MetadataToken />
              <Name>System.Collections.Generic.List`1&lt;CsToTs.TypeScript.MemberDefinition&gt; CsToTs.TypeScript.TypeDefinition::get_Members()</Name>
              <FileRef uid="9" />
              <SequencePoints>
                <SequencePoint vc="6" upsid="16" ordinal="0" sl="16" sc="1" el="16" ec="2" bec="0" bev="0" fileid="9" />
              </SequencePoints>
              <BranchPoints />
              <MethodPoint vc="6" upsid="0" d8p1:type="SequencePoint" ordinal="3" offset="3" sc="0" sl="16" ec="1" el="16" bec="0" bev="0" fileid="9" xmlns:d8p1="xsi" />
            </Method>
          </Methods>
        </Class>
        <Class>
          <Summary numSequencePoints="8" visitedSequencePoints="8" numBranchPoints="0" visitedBranchPoints="0" sequenceCoverage="0" branchCoverage="0" maxCyclomaticComplexity="0" minCyclomaticComplexity="0" visitedClasses="1" numClasses="1" visitedMethods="0" numMethods="4" />
          <FullName>CsToTs.TypeScript.TypeScriptContext</FullName>
          <Methods>
            <Method cyclomaticComplexity="0" nPathComplexity="0" sequenceCoverage="0" branchCoverage="0" isConstructor="True" isGetter="False" isSetter="False" isStatic="True">
              <Summary numSequencePoints="5" visitedSequencePoints="5" numBranchPoints="0" visitedBranchPoints="0" sequenceCoverage="0" branchCoverage="0" maxCyclomaticComplexity="0" minCyclomaticComplexity="0" visitedClasses="0" numClasses="0" visitedMethods="1" numMethods="1" />
              <MetadataToken />
              <Name>System.Void CsToTs.TypeScript.TypeScriptContext::.ctor(CsToTs.TypeScriptOptions)</Name>
              <FileRef uid="10" />
              <SequencePoints>
                <SequencePoint vc="2" upsid="7" ordinal="0" sl="7" sc="1" el="7" ec="2" bec="0" bev="0" fileid="10" />
                <SequencePoint vc="1" upsid="8" ordinal="1" sl="8" sc="1" el="8" ec="2" bec="0" bev="0" fileid="10" />
                <SequencePoint vc="1" upsid="9" ordinal="2" sl="9" sc="1" el="9" ec="2" bec="0" bev="0" fileid="10" />
                <SequencePoint vc="1" upsid="10" ordinal="3" sl="10" sc="1" el="10" ec="2" bec="0" bev="0" fileid="10" />
                <SequencePoint vc="1" upsid="11" ordinal="4" sl="11" sc="1" el="11" ec="2" bec="0" bev="0" fileid="10" />
              </SequencePoints>
              <BranchPoints />
              <MethodPoint vc="6" upsid="0" d8p1:type="SequencePoint" ordinal="0" offset="0" sc="0" sl="7" ec="1" el="11" bec="0" bev="0" fileid="10" xmlns:d8p1="xsi" />
            </Method>
            <Method cyclomaticComplexity="0" nPathComplexity="0" sequenceCoverage="0" branchCoverage="0" isConstructor="False" isGetter="True" isSetter="False" isStatic="True">
              <Summary numSequencePoints="1" visitedSequencePoints="1" numBranchPoints="0" visitedBranchPoints="0" sequenceCoverage="0" branchCoverage="0" maxCyclomaticComplexity="0" minCyclomaticComplexity="0" visitedClasses="0" numClasses="0" visitedMethods="1" numMethods="1" />
              <MetadataToken />
              <Name>System.Collections.Generic.List`1&lt;CsToTs.TypeScript.TypeDefinition&gt; CsToTs.TypeScript.TypeScriptContext::get_Types()</Name>
              <FileRef uid="10" />
              <SequencePoints>
                <SequencePoint vc="11" upsid="13" ordinal="0" sl="13" sc="1" el="13" ec="2" bec="0" bev="0" fileid="10" />
              </SequencePoints>
              <BranchPoints />
              <MethodPoint vc="11" upsid="0" d8p1:type="SequencePoint" ordinal="1" offset="1" sc="0" sl="13" ec="1" el="13" bec="0" bev="0" fileid="10" xmlns:d8p1="xsi" />
            </Method>
            <Method cyclomaticComplexity="0" nPathComplexity="0" sequenceCoverage="0" branchCoverage="0" isConstructor="False" isGetter="True" isSetter="False" isStatic="True">
              <Summary numSequencePoints="1" visitedSequencePoints="1" numBranchPoints="0" visitedBranchPoints="0" sequenceCoverage="0" branchCoverage="0" maxCyclomaticComplexity="0" minCyclomaticComplexity="0" visitedClasses="0" numClasses="0" visitedMethods="1" numMethods="1" />
              <MetadataToken />
              <Name>System.Collections.Generic.List`1&lt;CsToTs.TypeScript.EnumDefinition&gt; CsToTs.TypeScript.TypeScriptContext::get_Enums()</Name>
              <FileRef uid="10" />
              <SequencePoints>
                <SequencePoint vc="3" upsid="14" ordinal="0" sl="14" sc="1" el="14" ec="2" bec="0" bev="0" fileid="10" />
              </SequencePoints>
              <BranchPoints />
              <MethodPoint vc="3" upsid="0" d8p1:type="SequencePoint" ordinal="2" offset="2" sc="0" sl="14" ec="1" el="14" bec="0" bev="0" fileid="10" xmlns:d8p1="xsi" />
            </Method>
            <Method cyclomaticComplexity="0" nPathComplexity="0" sequenceCoverage="0" branchCoverage="0" isConstructor="False" isGetter="True" isSetter="False" isStatic="True">
              <Summary numSequencePoints="1" visitedSequencePoints="1" numBranchPoints="0" visitedBranchPoints="0" sequenceCoverage="0" branchCoverage="0" maxCyclomaticComplexity="0" minCyclomaticComplexity="0" visitedClasses="0" numClasses="0" visitedMethods="1" numMethods="1" />
              <MetadataToken />
              <Name>CsToTs.TypeScriptOptions CsToTs.TypeScript.TypeScriptContext::get_Options()</Name>
              <FileRef uid="10" />
              <SequencePoints>
                <SequencePoint vc="20" upsid="15" ordinal="0" sl="15" sc="1" el="15" ec="2" bec="0" bev="0" fileid="10" />
              </SequencePoints>
              <BranchPoints />
              <MethodPoint vc="20" upsid="0" d8p1:type="SequencePoint" ordinal="3" offset="3" sc="0" sl="15" ec="1" el="15" bec="0" bev="0" fileid="10" xmlns:d8p1="xsi" />
            </Method>
          </Methods>
        </Class>
      </Classes>
    </Module>
  </Modules>
</CoverageSession>